生成启动时间为 2018/11/16 2:35:15。
     1>项目“c:\Users\administrator\documents\visual studio 2012\Projects\AES\AES\AES.vcxproj”在节点 2 上(Build 个目标)。
     1>InitializeBuildStatus:
         正在创建“Debug\AES.unsuccessfulbuild”，因为已指定“AlwaysCreate”。
       ClCompile:
         D:\Program Files (x86)\Microsoft Visual Studio 11.0\VC\bin\CL.exe /c /ZI /nologo /W3 /WX- /Od /Oy- /D _MBCS /Gm /EHsc /RTC1 /MDd /GS /fp:precise /Zc:wchar_t /Zc:forScope /Fo"Debug\\" /Fd"Debug\vc110.pdb" /Gd /TP /analyze- /errorReport:prompt AES.cpp
         AES.cpp
     1>c:\users\administrator\documents\visual studio 2012\projects\aes\aes\aes.cpp(28): warning C4996: 'fopen': This function or variable may be unsafe. Consider using fopen_s instead. To disable deprecation, use _CRT_SECURE_NO_WARNINGS. See online help for details.
                 d:\program files (x86)\microsoft visual studio 11.0\vc\include\stdio.h(218) : 参见“fopen”的声明
     1>c:\users\administrator\documents\visual studio 2012\projects\aes\aes\aes.cpp(76): warning C4996: 'fopen': This function or variable may be unsafe. Consider using fopen_s instead. To disable deprecation, use _CRT_SECURE_NO_WARNINGS. See online help for details.
                 d:\program files (x86)\microsoft visual studio 11.0\vc\include\stdio.h(218) : 参见“fopen”的声明
       Link:
         D:\Program Files (x86)\Microsoft Visual Studio 11.0\VC\bin\link.exe /ERRORREPORT:PROMPT /OUT:"c:\users\administrator\documents\visual studio 2012\Projects\AES\Debug\AES.exe" /INCREMENTAL /NOLOGO kernel32.lib user32.lib gdi32.lib winspool.lib comdlg32.lib advapi32.lib shell32.lib ole32.lib oleaut32.lib uuid.lib odbc32.lib odbccp32.lib /MANIFEST /MANIFESTUAC:"level='asInvoker' uiAccess='false'" /manifest:embed /DEBUG /PDB:"c:\users\administrator\documents\visual studio 2012\Projects\AES\Debug\AES.pdb" /TLBID:1 /DYNAMICBASE /NXCOMPAT /IMPLIB:"c:\users\administrator\documents\visual studio 2012\Projects\AES\Debug\AES.lib" /MACHINE:X86 Debug\AES.obj
         Debug\keyEnpy.obj
         Debug\keyExpansion.obj
         Debug\mixColumns.obj
         Debug\PolyOptn.obj
         Debug\Sbox.obj
         Debug\shiftRows.obj
         Debug\testData.obj
         AES.vcxproj -> c:\users\administrator\documents\visual studio 2012\Projects\AES\Debug\AES.exe
       FinalizeBuildStatus:
         正在删除文件“Debug\AES.unsuccessfulbuild”。
         正在对“Debug\AES.lastbuildstate”执行 Touch 任务。
     1>已完成生成项目“c:\Users\administrator\documents\visual studio 2012\Projects\AES\AES\AES.vcxproj”(Build 个目标)的操作。

生成成功。

已用时间 00:00:01.28
